<?xml version="1.0" encoding="UTF-8" ?>
<testsuite failures="0" time="0.737" errors="0" skipped="0" tests="1" name="br.com.bexsbanco.dao.ErrorMessageDAOTest">
  <properties>
    <property name="java.runtime.name" value="Java(TM) SE Runtime Environment"/>
    <property name="sun.boot.library.path" value="C:\Program Files (x86)\Java\jdk1.6.0_20\jre\bin"/>
    <property name="java.vm.version" value="16.3-b01"/>
    <property name="java.vm.vendor" value="Sun Microsystems Inc."/>
    <property name="java.vendor.url" value="http://java.sun.com/"/>
    <property name="path.separator" value=";"/>
    <property name="java.vm.name" value="Java HotSpot(TM) Client VM"/>
    <property name="file.encoding.pkg" value="sun.io"/>
    <property name="user.country" value="BR"/>
    <property name="sun.java.launcher" value="SUN_STANDARD"/>
    <property name="sun.os.patch.level" value=""/>
    <property name="java.vm.specification.name" value="Java Virtual Machine Specification"/>
    <property name="user.dir" value="D:\eclipseWorkspaceLevole\bexbanco\bmfintegration-core"/>
    <property name="java.runtime.version" value="1.6.0_20-b02"/>
    <property name="java.awt.graphicsenv" value="sun.awt.Win32GraphicsEnvironment"/>
    <property name="basedir" value="D:\eclipseWorkspaceLevole\bexbanco\bmfintegration-core"/>
    <property name="java.endorsed.dirs" value="C:\Program Files (x86)\Java\jdk1.6.0_20\jre\lib\endorsed"/>
    <property name="os.arch" value="x86"/>
    <property name="surefire.real.class.path" value="D:\eclipseWorkspaceLevole\bexbanco\bmfintegration-core\target\surefire\surefirebooter119507598853860859.jar"/>
    <property name="java.io.tmpdir" value="C:\Users\cleiton\AppData\Local\Temp\"/>
    <property name="line.separator" value="
"/>
    <property name="java.vm.specification.vendor" value="Sun Microsystems Inc."/>
    <property name="user.variant" value=""/>
    <property name="os.name" value="Windows 7"/>
    <property name="sun.jnu.encoding" value="Cp1252"/>
    <property name="java.library.path" value="C:\Program Files (x86)\Java\jdk1.6.0_20\jre\bin;.;C:\Windows\Sun\Java\bin;C:\Windows\system32;C:\Windows;C:\Program Files\Common Files\Microsoft Shared\Windows Live;C:\Program Files (x86)\Common Files\Microsoft Shared\Windows Live;C:\Windows\system32;C:\Windows\system32;C:\Windows;C:\Windows\System32\Wbem;C:\Windows\System32\WindowsPowerShell\v1.0\;C:\Program Files (x86)\ATI Technologies\ATI.ACE\Core-Static;C:\Program Files (x86)\Git\cmd;c:\Program Files (x86)\maven\bin;C:\Program Files (x86)\OpenSSH\bin;C:\Program Files (x86)\Java\jdk1.6.0_20\bin;C:\Program Files (x86)\Windows Live\Shared;C:\Program Files (x86)\QuickTime\QTSystem\;c:\Program Files (x86)\Microsoft SQL Server\100\Tools\Binn\;c:\Program Files\Microsoft SQL Server\100\Tools\Binn\;c:\Program Files\Microsoft SQL Server\100\DTS\Binn\;C:\Program Files (x86)\MySQL\MySQL Server 5.1\bin"/>
    <property name="surefire.test.class.path" value="D:\eclipseWorkspaceLevole\bexbanco\bmfintegration-core\target\test-classes;D:\eclipseWorkspaceLevole\bexbanco\bmfintegration-core\target\classes;C:\Users\cleiton\.m2\repository\junit\junit\4.8.1\junit-4.8.1.jar;C:\Users\cleiton\.m2\repository\com\thoughtworks\xstream\xstream\1.4.2\xstream-1.4.2.jar;C:\Users\cleiton\.m2\repository\xmlpull\xmlpull\1.1.3.1\xmlpull-1.1.3.1.jar;C:\Users\cleiton\.m2\repository\xpp3\xpp3_min\1.1.4c\xpp3_min-1.1.4c.jar;C:\Users\cleiton\.m2\repository\net\java\dev\jna\jna\3.2.2\jna-3.2.2.jar;C:\Users\cleiton\.m2\repository\org\quartz-scheduler\quartz\2.1.0\quartz-2.1.0.jar;C:\Users\cleiton\.m2\repository\javax\transaction\jta\1.1\jta-1.1.jar;C:\Users\cleiton\.m2\repository\c3p0\c3p0\0.9.1.1\c3p0-0.9.1.1.jar;C:\Users\cleiton\.m2\repository\org\slf4j\slf4j-api\1.6.1\slf4j-api-1.6.1.jar;C:\Users\cleiton\.m2\repository\org\quartz-scheduler\quartz-oracle\2.1.0\quartz-oracle-2.1.0.jar;C:\Users\cleiton\.m2\repository\org\quartz-scheduler\quartz-weblogic\2.1.0\quartz-weblogic-2.1.0.jar;C:\Users\cleiton\.m2\repository\org\quartz-scheduler\quartz-jboss\2.1.0\quartz-jboss-2.1.0.jar;C:\Users\cleiton\.m2\repository\org\slf4j\slf4j-simple\1.6.1\slf4j-simple-1.6.1.jar;C:\Users\cleiton\.m2\repository\javax\servlet\javax.servlet-api\3.0.1\javax.servlet-api-3.0.1.jar;C:\Users\cleiton\.m2\repository\mysql\mysql-connector-java\5.1.18\mysql-connector-java-5.1.18.jar;"/>
    <property name="java.specification.name" value="Java Platform API Specification"/>
    <property name="java.class.version" value="50.0"/>
    <property name="sun.management.compiler" value="HotSpot Client Compiler"/>
    <property name="os.version" value="6.1"/>
    <property name="user.home" value="C:\Users\cleiton"/>
    <property name="user.timezone" value="America/Sao_Paulo"/>
    <property name="java.awt.printerjob" value="sun.awt.windows.WPrinterJob"/>
    <property name="java.specification.version" value="1.6"/>
    <property name="file.encoding" value="Cp1252"/>
    <property name="user.name" value="cleiton"/>
    <property name="java.class.path" value="D:\eclipseWorkspaceLevole\bexbanco\bmfintegration-core\target\test-classes;D:\eclipseWorkspaceLevole\bexbanco\bmfintegration-core\target\classes;C:\Users\cleiton\.m2\repository\junit\junit\4.8.1\junit-4.8.1.jar;C:\Users\cleiton\.m2\repository\com\thoughtworks\xstream\xstream\1.4.2\xstream-1.4.2.jar;C:\Users\cleiton\.m2\repository\xmlpull\xmlpull\1.1.3.1\xmlpull-1.1.3.1.jar;C:\Users\cleiton\.m2\repository\xpp3\xpp3_min\1.1.4c\xpp3_min-1.1.4c.jar;C:\Users\cleiton\.m2\repository\net\java\dev\jna\jna\3.2.2\jna-3.2.2.jar;C:\Users\cleiton\.m2\repository\org\quartz-scheduler\quartz\2.1.0\quartz-2.1.0.jar;C:\Users\cleiton\.m2\repository\javax\transaction\jta\1.1\jta-1.1.jar;C:\Users\cleiton\.m2\repository\c3p0\c3p0\0.9.1.1\c3p0-0.9.1.1.jar;C:\Users\cleiton\.m2\repository\org\slf4j\slf4j-api\1.6.1\slf4j-api-1.6.1.jar;C:\Users\cleiton\.m2\repository\org\quartz-scheduler\quartz-oracle\2.1.0\quartz-oracle-2.1.0.jar;C:\Users\cleiton\.m2\repository\org\quartz-scheduler\quartz-weblogic\2.1.0\quartz-weblogic-2.1.0.jar;C:\Users\cleiton\.m2\repository\org\quartz-scheduler\quartz-jboss\2.1.0\quartz-jboss-2.1.0.jar;C:\Users\cleiton\.m2\repository\org\slf4j\slf4j-simple\1.6.1\slf4j-simple-1.6.1.jar;C:\Users\cleiton\.m2\repository\javax\servlet\javax.servlet-api\3.0.1\javax.servlet-api-3.0.1.jar;C:\Users\cleiton\.m2\repository\mysql\mysql-connector-java\5.1.18\mysql-connector-java-5.1.18.jar;"/>
    <property name="java.vm.specification.version" value="1.0"/>
    <property name="sun.arch.data.model" value="32"/>
    <property name="java.home" value="C:\Program Files (x86)\Java\jdk1.6.0_20\jre"/>
    <property name="java.specification.vendor" value="Sun Microsystems Inc."/>
    <property name="user.language" value="pt"/>
    <property name="awt.toolkit" value="sun.awt.windows.WToolkit"/>
    <property name="java.vm.info" value="mixed mode, sharing"/>
    <property name="java.version" value="1.6.0_20"/>
    <property name="java.ext.dirs" value="C:\Program Files (x86)\Java\jdk1.6.0_20\jre\lib\ext;C:\Windows\Sun\Java\lib\ext"/>
    <property name="sun.boot.class.path" value="C:\Program Files (x86)\Java\jdk1.6.0_20\jre\lib\resources.jar;C:\Program Files (x86)\Java\jdk1.6.0_20\jre\lib\rt.jar;C:\Program Files (x86)\Java\jdk1.6.0_20\jre\lib\sunrsasign.jar;C:\Program Files (x86)\Java\jdk1.6.0_20\jre\lib\jsse.jar;C:\Program Files (x86)\Java\jdk1.6.0_20\jre\lib\jce.jar;C:\Program Files (x86)\Java\jdk1.6.0_20\jre\lib\charsets.jar;C:\Program Files (x86)\Java\jdk1.6.0_20\jre\classes"/>
    <property name="java.vendor" value="Sun Microsystems Inc."/>
    <property name="localRepository" value="C:\Users\cleiton\.m2\repository"/>
    <property name="file.separator" value="\"/>
    <property name="java.vendor.url.bug" value="http://java.sun.com/cgi-bin/bugreport.cgi"/>
    <property name="sun.cpu.endian" value="little"/>
    <property name="sun.io.unicode.encoding" value="UnicodeLittle"/>
    <property name="sun.desktop" value="windows"/>
    <property name="sun.cpu.isalist" value=""/>
  </properties>
  <testcase time="0.632" classname="br.com.bexsbanco.dao.ErrorMessageDAOTest" name="testSave"/>
</testsuite>